<?xml version="1.0" encoding="UTF-8"?>
<!-- Generated by org.testng.reporters.JUnitXMLReporter -->
<testsuite ignored="0" hostname="LAPTOP-4RCGPP9C" failures="1" tests="4" name="Test" time="59.134" errors="0" timestamp="2024-03-24T00:09:29 IST">
  <testcase classname="Com.Ecommerce.TestCases.TC_NewRegistration" name="Registration" time="4.364"/>
  <testcase classname="Com.Ecommerce.TestCases.TC_Login_Page" name="LoginPage" time="2.205">
    <skipped/>
  </testcase> <!-- LoginPage -->
  <testcase classname="Com.Ecommerce.TestCases.TC_Login_Page" name="LoginPage" time="2.044">
    <skipped/>
  </testcase> <!-- LoginPage -->
  <testcase classname="Com.Ecommerce.TestCases.TC_Login_Page" name="LoginPage" time="3.005">
    <failure type="java.lang.AssertionError" message="expected [nopCommerce demo store] but found [nopCommerce demo store. Login]">
      <![CDATA[java.lang.AssertionError: expected [nopCommerce demo store] but found [nopCommerce demo store. Login]
at Com.Ecommerce.TestCases.TC_Login_Page.LoginPage(TC_Login_Page.java:44)
at java.base/java.util.ArrayList.forEach(ArrayList.java:1596)
... Removed 31 stack frames]]>
    </failure>
  </testcase> <!-- LoginPage -->
</testsuite> <!-- Test -->
